  Matric.cpp
C:\Users\Leere\source\repos\BlockMatrices\BlockMatrices\Matric.cpp(58): warning C4101: y: неиспользованная локальная переменная
C:\Users\Leere\source\repos\BlockMatrices\BlockMatrices\Matric.cpp(58): warning C4101: i: неиспользованная локальная переменная
C:\Users\Leere\source\repos\BlockMatrices\BlockMatrices\Matric.cpp(58): warning C4101: count: неиспользованная локальная переменная
C:\Users\Leere\source\repos\BlockMatrices\BlockMatrices\Matric.cpp(58): warning C4101: x: неиспользованная локальная переменная
C:\Users\Leere\source\repos\BlockMatrices\BlockMatrices\Matric.cpp(273): warning C4101: x: неиспользованная локальная переменная
C:\Users\Leere\source\repos\BlockMatrices\BlockMatrices\Matric.cpp(273): warning C4101: y: неиспользованная локальная переменная
C:\Users\Leere\source\repos\BlockMatrices\BlockMatrices\Matric.cpp(273): warning C4101: count: неиспользованная локальная переменная
C:\Users\Leere\source\repos\BlockMatrices\BlockMatrices\Matric.cpp(273): warning C4101: i: неиспользованная локальная переменная
C:\Users\Leere\source\repos\BlockMatrices\BlockMatrices\Matric.cpp(318): warning C4101: count: неиспользованная локальная переменная
C:\Users\Leere\source\repos\BlockMatrices\BlockMatrices\Matric.cpp(318): warning C4101: x: неиспользованная локальная переменная
C:\Users\Leere\source\repos\BlockMatrices\BlockMatrices\Matric.cpp(318): warning C4101: y: неиспользованная локальная переменная
C:\Users\Leere\source\repos\BlockMatrices\BlockMatrices\Matric.cpp(318): warning C4101: i: неиспользованная локальная переменная
  Menu.cpp
  Start.cpp
  Создание кода
  Previous IPDB not found, fall back to full compilation.
  All 232 functions were compiled because no usable IPDB/IOBJ from previous compilation was found.
  Создание кода завершено
  BlockMatrices.vcxproj -> C:\Users\Leere\source\repos\BlockMatrices\x64\Release\BlockMatrices.exe
